<?xml version="1.0" encoding="UTF-8" ?>
<testsuite tests="4" failures="4" name="AverageOfNumbersTest" time="0.051" errors="0" skipped="0">
  <properties>
[...]
</properties>
  <testcase classname="AverageOfNumbersTest" name="test1" time="0.042">
    <failure message="When input was:
-5
4
-3
1
0

The output was expected to be &quot;Average of the numbers: -0.75&quot;.
Now the output wasGive a number:
Give a number:
Give a number:
Give a number:
Give a number:
Average of the numbers: -1
" type="java.lang.AssertionError">java.lang.AssertionError: When input was:
-5
4
-3
1
0

The output was expected to be &quot;Average of the numbers: -0.75&quot;.
Now the output wasGive a number:
Give a number:
Give a number:
Give a number:
Give a number:
Average of the numbers: -1

	at org.junit.Assert.fail(Assert.java:88)
	at org.junit.Assert.assertTrue(Assert.java:41)
	at AverageOfNumbersTest.test(AverageOfNumbersTest.java:56)
	at AverageOfNumbersTest.test1(AverageOfNumbersTest.java:18)
	at java.base/jdk.internal.reflect.NativeMethodAccessorImpl.invoke0(Native Method)
	at java.base/jdk.internal.reflect.NativeMethodAccessorImpl.invoke(NativeMethodAccessorImpl.java:62)
	at java.base/jdk.internal.reflect.DelegatingMethodAccessorImpl.invoke(DelegatingMethodAccessorImpl.java:43)
	at java.base/java.lang.reflect.Method.invoke(Method.java:566)
	at org.junit.runners.model.FrameworkMethod$1.runReflectiveCall(FrameworkMethod.java:50)
	at org.junit.internal.runners.model.ReflectiveCallable.run(ReflectiveCallable.java:12)
	at org.junit.runners.model.FrameworkMethod.invokeExplosively(FrameworkMethod.java:47)
	at org.junit.internal.runners.statements.InvokeMethod.evaluate(InvokeMethod.java:17)
	at org.junit.internal.runners.statements.FailOnTimeout$CallableStatement.call(FailOnTimeout.java:298)
	at org.junit.internal.runners.statements.FailOnTimeout$CallableStatement.call(FailOnTimeout.java:292)
	at java.base/java.util.concurrent.FutureTask.run(FutureTask.java:264)
	at java.base/java.lang.Thread.run(Thread.java:829)
</failure>
  </testcase>
  <testcase classname="AverageOfNumbersTest" name="test2" time="0.003">
    <failure message="When input was:
-2
0

The output was expected to be &quot;Average of the numbers: -2.0&quot;.
Now the output wasGive a number:
Give a number:
Average of the numbers: 0
" type="java.lang.AssertionError">java.lang.AssertionError: When input was:
-2
0

The output was expected to be &quot;Average of the numbers: -2.0&quot;.
Now the output wasGive a number:
Give a number:
Average of the numbers: 0

	at org.junit.Assert.fail(Assert.java:88)
	at org.junit.Assert.assertTrue(Assert.java:41)
	at AverageOfNumbersTest.test(AverageOfNumbersTest.java:56)
	at AverageOfNumbersTest.test2(AverageOfNumbersTest.java:23)
	at java.base/jdk.internal.reflect.NativeMethodAccessorImpl.invoke0(Native Method)
	at java.base/jdk.internal.reflect.NativeMethodAccessorImpl.invoke(NativeMethodAccessorImpl.java:62)
	at java.base/jdk.internal.reflect.DelegatingMethodAccessorImpl.invoke(DelegatingMethodAccessorImpl.java:43)
	at java.base/java.lang.reflect.Method.invoke(Method.java:566)
	at org.junit.runners.model.FrameworkMethod$1.runReflectiveCall(FrameworkMethod.java:50)
	at org.junit.internal.runners.model.ReflectiveCallable.run(ReflectiveCallable.java:12)
	at org.junit.runners.model.FrameworkMethod.invokeExplosively(FrameworkMethod.java:47)
	at org.junit.internal.runners.statements.InvokeMethod.evaluate(InvokeMethod.java:17)
	at org.junit.internal.runners.statements.FailOnTimeout$CallableStatement.call(FailOnTimeout.java:298)
	at org.junit.internal.runners.statements.FailOnTimeout$CallableStatement.call(FailOnTimeout.java:292)
	at java.base/java.util.concurrent.FutureTask.run(FutureTask.java:264)
	at java.base/java.lang.Thread.run(Thread.java:829)
</failure>
  </testcase>
  <testcase classname="AverageOfNumbersTest" name="test3" time="0.003">
    <failure message="When input was:
-2
-3
-1
-4
-5
0

The output was expected to be &quot;Average of the numbers: -3.0&quot;.
Now the output wasGive a number:
Give a number:
Give a number:
Give a number:
Give a number:
Give a number:
Average of the numbers: 0
" type="java.lang.AssertionError">java.lang.AssertionError: When input was:
-2
-3
-1
-4
-5
0

The output was expected to be &quot;Average of the numbers: -3.0&quot;.
Now the output wasGive a number:
Give a number:
Give a number:
Give a number:
Give a number:
Give a number:
Average of the numbers: 0

	at org.junit.Assert.fail(Assert.java:88)
	at org.junit.Assert.assertTrue(Assert.java:41)
	at AverageOfNumbersTest.test(AverageOfNumbersTest.java:56)
	at AverageOfNumbersTest.test3(AverageOfNumbersTest.java:28)
	at java.base/jdk.internal.reflect.NativeMethodAccessorImpl.invoke0(Native Method)
	at java.base/jdk.internal.reflect.NativeMethodAccessorImpl.invoke(NativeMethodAccessorImpl.java:62)
	at java.base/jdk.internal.reflect.DelegatingMethodAccessorImpl.invoke(DelegatingMethodAccessorImpl.java:43)
	at java.base/java.lang.reflect.Method.invoke(Method.java:566)
	at org.junit.runners.model.FrameworkMethod$1.runReflectiveCall(FrameworkMethod.java:50)
	at org.junit.internal.runners.model.ReflectiveCallable.run(ReflectiveCallable.java:12)
	at org.junit.runners.model.FrameworkMethod.invokeExplosively(FrameworkMethod.java:47)
	at org.junit.internal.runners.statements.InvokeMethod.evaluate(InvokeMethod.java:17)
	at org.junit.internal.runners.statements.FailOnTimeout$CallableStatement.call(FailOnTimeout.java:298)
	at org.junit.internal.runners.statements.FailOnTimeout$CallableStatement.call(FailOnTimeout.java:292)
	at java.base/java.util.concurrent.FutureTask.run(FutureTask.java:264)
	at java.base/java.lang.Thread.run(Thread.java:829)
</failure>
  </testcase>
  <testcase classname="AverageOfNumbersTest" name="test4" time="0.003">
    <failure message="When input was:
1
3
2
3
0

The output was expected to be &quot;Average of the numbers: 2.25&quot;.
Now the output wasGive a number:
Give a number:
Give a number:
Give a number:
Give a number:
Average of the numbers: 0
" type="java.lang.AssertionError">java.lang.AssertionError: When input was:
1
3
2
3
0

The output was expected to be &quot;Average of the numbers: 2.25&quot;.
Now the output wasGive a number:
Give a number:
Give a number:
Give a number:
Give a number:
Average of the numbers: 0

	at org.junit.Assert.fail(Assert.java:88)
	at org.junit.Assert.assertTrue(Assert.java:41)
	at AverageOfNumbersTest.test(AverageOfNumbersTest.java:56)
	at AverageOfNumbersTest.test4(AverageOfNumbersTest.java:33)
	at java.base/jdk.internal.reflect.NativeMethodAccessorImpl.invoke0(Native Method)
	at java.base/jdk.internal.reflect.NativeMethodAccessorImpl.invoke(NativeMethodAccessorImpl.java:62)
	at java.base/jdk.internal.reflect.DelegatingMethodAccessorImpl.invoke(DelegatingMethodAccessorImpl.java:43)
	at java.base/java.lang.reflect.Method.invoke(Method.java:566)
	at org.junit.runners.model.FrameworkMethod$1.runReflectiveCall(FrameworkMethod.java:50)
	at org.junit.internal.runners.model.ReflectiveCallable.run(ReflectiveCallable.java:12)
	at org.junit.runners.model.FrameworkMethod.invokeExplosively(FrameworkMethod.java:47)
	at org.junit.internal.runners.statements.InvokeMethod.evaluate(InvokeMethod.java:17)
	at org.junit.internal.runners.statements.FailOnTimeout$CallableStatement.call(FailOnTimeout.java:298)
	at org.junit.internal.runners.statements.FailOnTimeout$CallableStatement.call(FailOnTimeout.java:292)
	at java.base/java.util.concurrent.FutureTask.run(FutureTask.java:264)
	at java.base/java.lang.Thread.run(Thread.java:829)
</failure>
  </testcase>
</testsuite>